0 info it worked if it ends with ok
1 verbose cli [ 'F:\\Program Files\\nodejs\\node.exe',
1 verbose cli   'F:\\Program Files\\nodejs\\node_modules\\npm\\bin\\npm-cli.js',
1 verbose cli   'start' ]
2 info using npm@3.10.8
3 info using node@v6.9.1
4 verbose run-script [ 'prestart', 'start', 'poststart' ]
5 info lifecycle redux-counter-example@0.0.0~prestart: redux-counter-example@0.0.0
6 silly lifecycle redux-counter-example@0.0.0~prestart: no script for prestart, continuing
7 info lifecycle redux-counter-example@0.0.0~start: redux-counter-example@0.0.0
8 verbose lifecycle redux-counter-example@0.0.0~start: unsafe-perm in lifecycle true
9 verbose lifecycle redux-counter-example@0.0.0~start: PATH: F:\Program Files\nodejs\node_modules\npm\bin\node-gyp-bin;F:\xampp\htdocs\zaiko\node_modules\.bin;C:\Users\tuyenbv\bin;F:\Program Files\Git\mingw64\bin;F:\Program Files\Git\usr\local\bin;F:\Program Files\Git\usr\bin;F:\Program Files\Git\usr\bin;F:\Program Files\Git\mingw64\bin;F:\Program Files\Git\usr\bin;C:\Users\tuyenbv\bin;C:\Program Files (x86)\ImageMagick-6.7.7-Q16;C:\ProgramData\Oracle\Java\javapath;C:\Windows\system32;C:\Windows;C:\Windows\System32\Wbem;C:\Windows\System32\WindowsPowerShell\v1.0;F:\Program Files\nodejs;F:\Program Files\Git\cmd;F:\sdk\platform-tools;C:\Program Files (x86)\Skype\Phone;F:\xampp\php;C:\ProgramData\ComposerSetup\bin;C:\Program Files (x86)\ImageMagick-6.7.7-Q16;F:\Program Files (x86)\Microsoft VS Code\bin;C:\Users\tuyenbv\AppData\Roaming\npm;C:\Users\tuyenbv\AppData\Roaming\Composer\vendor\bin;F:\Program Files\Git\usr\bin\vendor_perl;F:\Program Files\Git\usr\bin\core_perl
10 verbose lifecycle redux-counter-example@0.0.0~start: CWD: F:\xampp\htdocs\zaiko
11 silly lifecycle redux-counter-example@0.0.0~start: Args: [ '/d /s /c', 'node server.js' ]
12 silly lifecycle redux-counter-example@0.0.0~start: Returned: code: 1  signal: null
13 info lifecycle redux-counter-example@0.0.0~start: Failed to exec start script
14 verbose stack Error: redux-counter-example@0.0.0 start: `node server.js`
14 verbose stack Exit status 1
14 verbose stack     at EventEmitter.<anonymous> (F:\Program Files\nodejs\node_modules\npm\lib\utils\lifecycle.js:255:16)
14 verbose stack     at emitTwo (events.js:106:13)
14 verbose stack     at EventEmitter.emit (events.js:191:7)
14 verbose stack     at ChildProcess.<anonymous> (F:\Program Files\nodejs\node_modules\npm\lib\utils\spawn.js:40:14)
14 verbose stack     at emitTwo (events.js:106:13)
14 verbose stack     at ChildProcess.emit (events.js:191:7)
14 verbose stack     at maybeClose (internal/child_process.js:877:16)
14 verbose stack     at Process.ChildProcess._handle.onexit (internal/child_process.js:226:5)
15 verbose pkgid redux-counter-example@0.0.0
16 verbose cwd F:\xampp\htdocs\zaiko
17 error Windows_NT 6.1.7601
18 error argv "F:\\Program Files\\nodejs\\node.exe" "F:\\Program Files\\nodejs\\node_modules\\npm\\bin\\npm-cli.js" "start"
19 error node v6.9.1
20 error npm  v3.10.8
21 error code ELIFECYCLE
22 error redux-counter-example@0.0.0 start: `node server.js`
22 error Exit status 1
23 error Failed at the redux-counter-example@0.0.0 start script 'node server.js'.
23 error Make sure you have the latest version of node.js and npm installed.
23 error If you do, this is most likely a problem with the redux-counter-example package,
23 error not with npm itself.
23 error Tell the author that this fails on your system:
23 error     node server.js
23 error You can get information on how to open an issue for this project with:
23 error     npm bugs redux-counter-example
23 error Or if that isn't available, you can get their info via:
23 error     npm owner ls redux-counter-example
23 error There is likely additional logging output above.
24 verbose exit [ 1, true ]
